<?xml version="1.0" encoding="UTF-8"?>
<testng-results ignored="0" total="2" passed="1" failed="1" skipped="0">
  <reporter-output>
  </reporter-output>
  <suite started-at="2025-03-26T12:32:28 IST" name="Suite" finished-at="2025-03-26T12:32:36 IST" duration-ms="8669">
    <groups>
    </groups>
    <test started-at="2025-03-26T12:32:28 IST" name="Test" finished-at="2025-03-26T12:32:36 IST" duration-ms="8669">
      <class name="tests.TC_NC_027">
        <test-method is-config="true" signature="setup()[pri:0, instance:tests.TC_NC_027@1338fb5]" started-at="2025-03-26T12:32:28 IST" name="setup" finished-at="2025-03-26T12:32:35 IST" duration-ms="7446" status="PASS">
          <reporter-output>
          </reporter-output>
        </test-method> <!-- setup -->
        <test-method signature="newCustomerAdding()[pri:0, instance:tests.TC_NC_027@1338fb5]" started-at="2025-03-26T12:32:35 IST" name="newCustomerAdding" finished-at="2025-03-26T12:32:36 IST" duration-ms="435" status="FAIL">
          <exception class="java.lang.AssertionError">
            <message>
              <![CDATA[Error message mismatch expected [Emal-ID must not be blank] but found [Email-ID must not be blank]]]>
            </message>
            <full-stacktrace>
              <![CDATA[java.lang.AssertionError: Error message mismatch expected [Emal-ID must not be blank] but found [Email-ID must not be blank]
at org.testng.Assert.fail(Assert.java:111)
at org.testng.Assert.failNotEquals(Assert.java:1578)
at org.testng.Assert.assertEqualsImpl(Assert.java:150)
at org.testng.Assert.assertEquals(Assert.java:132)
at org.testng.Assert.assertEquals(Assert.java:656)
at tests.TC_NC_027.newCustomerAdding(TC_NC_027.java:21)
at java.base/jdk.internal.reflect.DirectMethodHandleAccessor.invoke(DirectMethodHandleAccessor.java:103)
at java.base/java.lang.reflect.Method.invoke(Method.java:580)
at org.testng.internal.invokers.MethodInvocationHelper.invokeMethod(MethodInvocationHelper.java:139)
at org.testng.internal.invokers.TestInvoker.invokeMethod(TestInvoker.java:664)
at org.testng.internal.invokers.TestInvoker.invokeTestMethod(TestInvoker.java:227)
at org.testng.internal.invokers.MethodRunner.runInSequence(MethodRunner.java:50)
at org.testng.internal.invokers.TestInvoker$MethodInvocationAgent.invoke(TestInvoker.java:957)
at org.testng.internal.invokers.TestInvoker.invokeTestMethods(TestInvoker.java:200)
at org.testng.internal.invokers.TestMethodWorker.invokeTestMethods(TestMethodWorker.java:148)
at org.testng.internal.invokers.TestMethodWorker.run(TestMethodWorker.java:128)
at java.base/java.util.concurrent.ThreadPoolExecutor.runWorker(ThreadPoolExecutor.java:1144)
at java.base/java.util.concurrent.ThreadPoolExecutor$Worker.run(ThreadPoolExecutor.java:642)
at java.base/java.lang.Thread.run(Thread.java:1583)
]]>
            </full-stacktrace>
          </exception> <!-- java.lang.AssertionError -->
          <reporter-output>
          </reporter-output>
        </test-method> <!-- newCustomerAdding -->
        <test-method is-config="true" signature="tearDownClass()[pri:0, instance:tests.TC_NC_027@1338fb5]" started-at="2025-03-26T12:32:36 IST" name="tearDownClass" finished-at="2025-03-26T12:32:36 IST" duration-ms="408" status="PASS">
          <reporter-output>
          </reporter-output>
        </test-method> <!-- tearDownClass -->
      </class> <!-- tests.TC_NC_027 -->
      <class name="tests.TC_NC_026">
        <test-method is-config="true" signature="setup()[pri:0, instance:tests.TC_NC_026@3016fd5e]" started-at="2025-03-26T12:32:28 IST" name="setup" finished-at="2025-03-26T12:32:35 IST" duration-ms="7379" status="PASS">
          <reporter-output>
          </reporter-output>
        </test-method> <!-- setup -->
        <test-method signature="newCustomerAdding()[pri:0, instance:tests.TC_NC_026@3016fd5e]" started-at="2025-03-26T12:32:35 IST" name="newCustomerAdding" finished-at="2025-03-26T12:32:35 IST" duration-ms="261" status="PASS">
          <reporter-output>
          </reporter-output>
        </test-method> <!-- newCustomerAdding -->
        <test-method is-config="true" signature="tearDownClass()[pri:0, instance:tests.TC_NC_026@3016fd5e]" started-at="2025-03-26T12:32:35 IST" name="tearDownClass" finished-at="2025-03-26T12:32:36 IST" duration-ms="394" status="PASS">
          <reporter-output>
          </reporter-output>
        </test-method> <!-- tearDownClass -->
      </class> <!-- tests.TC_NC_026 -->
    </test> <!-- Test -->
  </suite> <!-- Suite -->
</testng-results>
